  pch.cpp
  test.cpp
test.obj : error LNK2019: unresolved external symbol "__declspec(dllimport) public: __cdecl sf::Texture::~Texture(void)" (__imp_??1Texture@sf@@QEAA@XZ) referenced in function "public: virtual __cdecl Entity::~Entity(void)" (??1Entity@@UEAA@XZ)
test.obj : error LNK2019: unresolved external symbol "__declspec(dllimport) public: virtual __cdecl sf::RectangleShape::~RectangleShape(void)" (__imp_??1RectangleShape@sf@@UEAA@XZ) referenced in function "public: virtual __cdecl Entity::~Entity(void)" (??1Entity@@UEAA@XZ)
test.obj : error LNK2019: unresolved external symbol "__declspec(dllimport) public: virtual __cdecl sf::Sprite::~Sprite(void)" (__imp_??1Sprite@sf@@UEAA@XZ) referenced in function "public: virtual __cdecl Entity::~Entity(void)" (??1Entity@@UEAA@XZ)
test.obj : error LNK2019: unresolved external symbol "public: __cdecl Entity::Entity(float,float,float,float)" (??0Entity@@QEAA@MMMM@Z) referenced in function "private: virtual void __cdecl EntityTest_ChangeHealth_Test::TestBody(void)" (?TestBody@EntityTest_ChangeHealth_Test@@EEAAXXZ)
C:\Users\User\source\repos\CS100 Final Project\x64\Debug\test2.exe : fatal error LNK1120: 4 unresolved externals
